Looking for git in: git
Using git 2.20.1 from git
> git rev-parse --show-toplevel
> git rev-parse --git-dir
> git config --get commit.template
Open repository: /home/aelius/dev/my_projects/KifuReview
> git status -z -u
> git symbolic-ref --short HEAD
> git rev-parse master
> git rev-parse --symbolic-full-name master@{u}
> git rev-list --left-right master...refs/remotes/origin/master
> git for-each-ref --format %(refname) %(objectname) --sort -committerdate
> git remote --verbose
> git check-ignore -v -z --stdin
> git rev-parse --show-toplevel
> git rev-parse --git-dir
> git config --get commit.template
Open repository: /home/aelius/dev/my_projects/KifuReview/themes/tale
> git status -z -u
> git symbolic-ref --short HEAD
> git rev-parse master
> git rev-parse --symbolic-full-name master@{u}
> git rev-list --left-right master...refs/remotes/origin/master
> git for-each-ref --format %(refname) %(objectname) --sort -committerdate
> git remote --verbose
Failed to watch ref '/home/aelius/dev/my_projects/KifuReview/.git/modules/themes/tale/refs/remotes/origin/master'. Ref is most likely packed.
> git check-ignore -v -z --stdin
> git check-ignore -v -z --stdin
> git status -z -u
> git symbolic-ref --short HEAD
> git rev-parse master
> git rev-parse --symbolic-full-name master@{u}
> git rev-list --left-right master...refs/remotes/origin/master
> git for-each-ref --format %(refname) %(objectname) --sort -committerdate
> git remote --verbose
> git show :static/admin/index.html
> git ls-files --stage -- static/admin/
> git check-ignore -v -z --stdin
> git status -z -u
> git symbolic-ref --short HEAD
> git rev-parse master
> git rev-parse --symbolic-full-name master@{u}
> git rev-list --left-right master...refs/remotes/origin/master
> git for-each-ref --format %(refname) %(objectname) --sort -committerdate
> git remote --verbose
> git status -z -u
> git symbolic-ref --short HEAD
> git rev-parse master
> git rev-parse --symbolic-full-name master@{u}
> git rev-list --left-right master...refs/remotes/origin/master
> git for-each-ref --format %(refname) %(objectname) --sort -committerdate
> git remote --verbose
> git check-ignore -v -z --stdin
> git status -z -u
> git symbolic-ref --short HEAD
> git rev-parse master
> git rev-parse --symbolic-full-name master@{u}
> git rev-list --left-right master...refs/remotes/origin/master
> git for-each-ref --format %(refname) %(objectname) --sort -committerdate
> git remote --verbose
> git status -z -u
> git symbolic-ref --short HEAD
> git rev-parse master
> git rev-parse --symbolic-full-name master@{u}
> git rev-list --left-right master...refs/remotes/origin/master
> git for-each-ref --format %(refname) %(objectname) --sort -committerdate
> git remote --verbose
> git show :static/admin/config.yml
> git ls-files --stage -- static/admin/
> git status -z -u
> git symbolic-ref --short HEAD
> git rev-parse master
> git rev-parse --symbolic-full-name master@{u}
> git rev-list --left-right master...refs/remotes/origin/master
> git for-each-ref --format %(refname) %(objectname) --sort -committerdate
> git remote --verbose
> git status -z -u
> git symbolic-ref --short HEAD
> git rev-parse master
> git rev-parse --symbolic-full-name master@{u}
> git rev-list --left-right master...refs/remotes/origin/master
> git for-each-ref --format %(refname) %(objectname) --sort -committerdate
> git remote --verbose
> git check-ignore -v -z --stdin
> git status -z -u
> git symbolic-ref --short HEAD
> git rev-parse master
> git rev-parse --symbolic-full-name master@{u}
> git rev-list --left-right master...refs/remotes/origin/master
> git for-each-ref --format %(refname) %(objectname) --sort -committerdate
> git remote --verbose
> git status -z -u
> git symbolic-ref --short HEAD
> git rev-parse master
> git rev-parse --symbolic-full-name master@{u}
> git rev-list --left-right master...refs/remotes/origin/master
> git for-each-ref --format %(refname) %(objectname) --sort -committerdate
> git remote --verbose
> git check-ignore -v -z --stdin
> git check-ignore -v -z --stdin
> git check-ignore -v -z --stdin
> git check-ignore -v -z --stdin
> git check-ignore -v -z --stdin
> git show :layouts/partials/single/post-info.html
> git show :layouts/partials/header-menu.html
> git show :static/admin/config.yml
> git ls-files --stage -- static/admin/
> git check-ignore -v -z --stdin
> git check-ignore -v -z --stdin
> git status -z -u
> git symbolic-ref --short HEAD
> git rev-parse master
> git rev-parse --symbolic-full-name master@{u}
> git rev-list --left-right master...refs/remotes/origin/master
> git for-each-ref --format %(refname) %(objectname) --sort -committerdate
> git remote --verbose
> git check-ignore -v -z --stdin
> git check-ignore -v -z --stdin
> git show :content/stories/my_first_post.md
> git ls-files --stage -- content/stories/
> git status -z -u
> git symbolic-ref --short HEAD
> git rev-parse master
> git rev-parse --symbolic-full-name master@{u}
> git rev-list --left-right master...refs/remotes/origin/master
> git for-each-ref --format %(refname) %(objectname) --sort -committerdate
> git remote --verbose
> git show :static/admin/config.yml
> git ls-files --stage -- static/admin/
> git status -z -u
> git symbolic-ref --short HEAD
> git rev-parse master
> git rev-parse --symbolic-full-name master@{u}
> git rev-list --left-right master...refs/remotes/origin/master
> git for-each-ref --format %(refname) %(objectname) --sort -committerdate
> git remote --verbose
> git show :static/admin/config.yml
> git status -z -u
> git status -z -u
> git symbolic-ref --short HEAD
> git symbolic-ref --short HEAD
> git rev-parse master
> git rev-parse master
> git rev-parse --symbolic-full-name master@{u}
> git rev-parse --symbolic-full-name master@{u}
> git rev-list --left-right master...refs/remotes/origin/master
> git rev-list --left-right master...refs/remotes/origin/master
> git for-each-ref --format %(refname) %(objectname) --sort -committerdate
> git remote --verbose
> git for-each-ref --format %(refname) %(objectname) --sort -committerdate
> git remote --verbose
Failed to watch ref '/home/aelius/dev/my_projects/KifuReview/.git/modules/themes/tale/refs/remotes/origin/master'. Ref is most likely packed.
> git show :static/admin/index.html
> git status -z -u
> git symbolic-ref --short HEAD
> git rev-parse master
> git rev-parse --symbolic-full-name master@{u}
> git rev-list --left-right master...refs/remotes/origin/master
> git for-each-ref --format %(refname) %(objectname) --sort -committerdate
> git remote --verbose
> git status -z -u
> git symbolic-ref --short HEAD
> git rev-parse master
> git rev-parse --symbolic-full-name master@{u}
> git rev-list --left-right master...refs/remotes/origin/master
> git for-each-ref --format %(refname) %(objectname) --sort -committerdate
> git remote --verbose
> git show :layouts/index.html
> git check-ignore -v -z --stdin
> git show :layouts/partials/index/introduction.html
> git status -z -u
> git status -z -u
> git symbolic-ref --short HEAD
> git symbolic-ref --short HEAD
> git rev-parse master
> git rev-parse master
> git rev-parse --symbolic-full-name master@{u}
> git rev-parse --symbolic-full-name master@{u}
> git rev-list --left-right master...refs/remotes/origin/master
> git rev-list --left-right master...refs/remotes/origin/master
> git for-each-ref --format %(refname) %(objectname) --sort -committerdate
> git remote --verbose
> git for-each-ref --format %(refname) %(objectname) --sort -committerdate
> git remote --verbose
Failed to watch ref '/home/aelius/dev/my_projects/KifuReview/.git/modules/themes/tale/refs/remotes/origin/master'. Ref is most likely packed.
> git status -z -u
> git status -z -u
> git symbolic-ref --short HEAD
> git symbolic-ref --short HEAD
> git rev-parse master
> git rev-parse --symbolic-full-name master@{u}
> git rev-parse master
> git rev-list --left-right master...refs/remotes/origin/master
> git rev-parse --symbolic-full-name master@{u}
> git for-each-ref --format %(refname) %(objectname) --sort -committerdate
> git remote --verbose
> git rev-list --left-right master...refs/remotes/origin/master
> git for-each-ref --format %(refname) %(objectname) --sort -committerdate
> git remote --verbose
Failed to watch ref '/home/aelius/dev/my_projects/KifuReview/.git/modules/themes/tale/refs/remotes/origin/master'. Ref is most likely packed.
> git check-ignore -v -z --stdin
> git show :static/admin/index.html
> git show :content/stories/my_first_post.md
> git show :static/admin/index.html
> git check-ignore -v -z --stdin
> git status -z -u
> git symbolic-ref --short HEAD
> git rev-parse master
> git rev-parse --symbolic-full-name master@{u}
> git rev-list --left-right master...refs/remotes/origin/master
> git for-each-ref --format %(refname) %(objectname) --sort -committerdate
> git remote --verbose
> git check-ignore -v -z --stdin
> git show :content/about.md
> git ls-files --stage -- content/
> git status -z -u
> git symbolic-ref --short HEAD
> git rev-parse master
> git rev-parse --symbolic-full-name master@{u}
> git rev-list --left-right master...refs/remotes/origin/master
> git for-each-ref --format %(refname) %(objectname) --sort -committerdate
> git remote --verbose
> git status -z -u
> git symbolic-ref --short HEAD
> git rev-parse master
> git rev-parse --symbolic-full-name master@{u}
> git rev-list --left-right master...refs/remotes/origin/master
> git for-each-ref --format %(refname) %(objectname) --sort -committerdate
> git remote --verbose
> git status -z -u
> git symbolic-ref --short HEAD
> git rev-parse master
> git rev-parse --symbolic-full-name master@{u}
> git rev-list --left-right master...refs/remotes/origin/master
> git for-each-ref --format %(refname) %(objectname) --sort -committerdate
> git remote --verbose
> git status -z -u
> git symbolic-ref --short HEAD
> git rev-parse master
> git rev-parse --symbolic-full-name master@{u}
> git rev-list --left-right master...refs/remotes/origin/master
> git for-each-ref --format %(refname) %(objectname) --sort -committerdate
> git remote --verbose
> git status -z -u
> git symbolic-ref --short HEAD
> git rev-parse master
> git rev-parse --symbolic-full-name master@{u}
> git rev-list --left-right master...refs/remotes/origin/master
> git for-each-ref --format %(refname) %(objectname) --sort -committerdate
> git remote --verbose
> git status -z -u
> git symbolic-ref --short HEAD
> git rev-parse master
> git rev-parse --symbolic-full-name master@{u}
> git rev-list --left-right master...refs/remotes/origin/master
> git for-each-ref --format %(refname) %(objectname) --sort -committerdate
> git remote --verbose
> git status -z -u
> git symbolic-ref --short HEAD
> git rev-parse master
> git rev-parse --symbolic-full-name master@{u}
> git rev-list --left-right master...refs/remotes/origin/master
> git for-each-ref --format %(refname) %(objectname) --sort -committerdate
> git remote --verbose
> git show :static/admin/index.html
> git show :static/admin/config.yml
> git status -z -u
> git symbolic-ref --short HEAD
> git rev-parse master
> git rev-parse --symbolic-full-name master@{u}
> git rev-list --left-right master...refs/remotes/origin/master
> git for-each-ref --format %(refname) %(objectname) --sort -committerdate
> git remote --verbose
> git show :static/admin/config.yml
> git status -z -u
> git status -z -u
> git symbolic-ref --short HEAD
> git rev-parse master
> git symbolic-ref --short HEAD
> git rev-parse --symbolic-full-name master@{u}
> git rev-parse master
> git rev-list --left-right master...refs/remotes/origin/master
> git rev-parse --symbolic-full-name master@{u}
> git for-each-ref --format %(refname) %(objectname) --sort -committerdate
> git remote --verbose
Failed to watch ref '/home/aelius/dev/my_projects/KifuReview/.git/modules/themes/tale/refs/remotes/origin/master'. Ref is most likely packed.
> git rev-list --left-right master...refs/remotes/origin/master
> git for-each-ref --format %(refname) %(objectname) --sort -committerdate
> git remote --verbose
> git status -z -u
> git symbolic-ref --short HEAD
> git rev-parse master
> git rev-parse --symbolic-full-name master@{u}
> git rev-list --left-right master...refs/remotes/origin/master
> git for-each-ref --format %(refname) %(objectname) --sort -committerdate
> git remote --verbose
> git show :content/posts/my_first_post.md
> git show :content/posts/dust.md
> git ls-files --stage -- content/posts/
> git check-ignore -v -z --stdin
> git status -z -u
> git symbolic-ref --short HEAD
> git rev-parse master
> git rev-parse --symbolic-full-name master@{u}
> git rev-list --left-right master...refs/remotes/origin/master
> git for-each-ref --format %(refname) %(objectname) --sort -committerdate
> git remote --verbose
> git show :content/posts/dust.md
> git status -z -u
> git status -z -u
> git symbolic-ref --short HEAD
> git symbolic-ref --short HEAD
> git rev-parse master
> git rev-parse master
> git rev-parse --symbolic-full-name master@{u}
> git rev-parse --symbolic-full-name master@{u}
> git rev-list --left-right master...refs/remotes/origin/master
> git rev-list --left-right master...refs/remotes/origin/master
> git for-each-ref --format %(refname) %(objectname) --sort -committerdate
> git remote --verbose
> git for-each-ref --format %(refname) %(objectname) --sort -committerdate
> git remote --verbose
Failed to watch ref '/home/aelius/dev/my_projects/KifuReview/.git/modules/themes/tale/refs/remotes/origin/master'. Ref is most likely packed.
> git show :static/admin/config.yml
> git status -z -u
> git symbolic-ref --short HEAD
> git rev-parse master
> git rev-parse --symbolic-full-name master@{u}
> git rev-list --left-right master...refs/remotes/origin/master
> git for-each-ref --format %(refname) %(objectname) --sort -committerdate
> git remote --verbose
> git status -z -u
> git symbolic-ref --short HEAD
> git rev-parse master
> git rev-parse --symbolic-full-name master@{u}
> git rev-list --left-right master...refs/remotes/origin/master
> git for-each-ref --format %(refname) %(objectname) --sort -committerdate
> git remote --verbose
> git show :static/admin/config.yml
> git status -z -u
> git status -z -u
> git symbolic-ref --short HEAD
> git symbolic-ref --short HEAD
> git rev-parse master
> git rev-parse master
> git rev-parse --symbolic-full-name master@{u}
> git rev-parse --symbolic-full-name master@{u}
> git rev-list --left-right master...refs/remotes/origin/master
> git rev-list --left-right master...refs/remotes/origin/master
> git for-each-ref --format %(refname) %(objectname) --sort -committerdate
> git remote --verbose
> git for-each-ref --format %(refname) %(objectname) --sort -committerdate
> git remote --verbose
Failed to watch ref '/home/aelius/dev/my_projects/KifuReview/.git/modules/themes/tale/refs/remotes/origin/master'. Ref is most likely packed.
> git status -z -u
> git symbolic-ref --short HEAD
> git rev-parse master
> git rev-parse --symbolic-full-name master@{u}
> git rev-list --left-right master...refs/remotes/origin/master
> git for-each-ref --format %(refname) %(objectname) --sort -committerdate
> git remote --verbose
> git check-ignore -v -z --stdin
> git check-ignore -v -z --stdin
> git show :static/admin/index.html
