Looking for git in: git
Using git 2.19.1 from git
> git rev-parse --show-toplevel
> git config --get commit.template
Open repository: /home/aelius/dev/portfolio-site
> git status -z -u
> git symbolic-ref --short HEAD
> git rev-parse master
> git rev-parse --symbolic-full-name master@{u}
> git rev-list --left-right master...refs/remotes/origin/master
> git for-each-ref --format %(refname) %(objectname) --sort -committerdate
> git remote --verbose
> git check-ignore -v -z --stdin
> git show :index.html
> git show :index.html
> git status -z -u
> git symbolic-ref --short HEAD
> git rev-parse v2
> git rev-parse --symbolic-full-name v2@{u}
fatal: no upstream configured for branch 'v2'
> git for-each-ref --format %(refname) %(objectname) --sort -committerdate
> git remote --verbose
> git status -z -u
> git symbolic-ref --short HEAD
> git rev-parse v2
> git rev-parse --symbolic-full-name v2@{u}
fatal: no upstream configured for branch 'v2'
> git for-each-ref --format %(refname) %(objectname) --sort -committerdate
> git remote --verbose
