[2019-06-17 13:52:02.274] [sharedprocess] [info] main {"machineId":"4b7a4231f2be293b6515fde36d4a6ae90b91b0f0024ef625ce5471b021dc09fd"}
[2019-06-17 13:52:02.282] [sharedprocess] [info] Scanned user extensions: 0
[2019-06-17 13:52:02.297] [sharedprocess] [info] Scanned user extensions: 0
[2019-06-17 13:52:02.301] [sharedprocess] [info] Scanned user extensions: 0
[2019-06-17 13:52:02.356] [sharedprocess] [info] Scanned system extensions: 72
[2019-06-17 13:52:02.361] [sharedprocess] [info] Scanned system extensions: 72
[2019-06-17 13:52:02.364] [sharedprocess] [info] Scanned system extensions: 72
[2019-06-17 13:52:02.390] [sharedprocess] [info] Scanned user extensions: 0
[2019-06-17 13:52:02.415] [sharedprocess] [info] Scanned system extensions: 72
[2019-06-17 13:52:03.399] [sharedprocess] [info] Scanned user extensions: 0
[2019-06-17 13:52:42.233] [sharedprocess] [info] Starting to clean up unused language packs.
[2019-06-17 13:57:03.407] [sharedprocess] [info] Scanned user extensions: 0
[2019-06-17 14:02:03.418] [sharedprocess] [info] Scanned user extensions: 0
[2019-06-17 14:02:04.081] [sharedprocess] [info] Scanned user extensions: 0
[2019-06-17 14:02:04.084] [sharedprocess] [info] Scanned user extensions: 0
[2019-06-17 14:02:04.085] [sharedprocess] [info] Scanned user extensions: 0
[2019-06-17 14:02:04.093] [sharedprocess] [info] Scanned user extensions: 0
[2019-06-17 14:02:04.154] [sharedprocess] [info] Scanned system extensions: 72
[2019-06-17 14:02:04.157] [sharedprocess] [info] Scanned system extensions: 72
[2019-06-17 14:02:04.160] [sharedprocess] [info] Scanned system extensions: 72
[2019-06-17 14:02:04.179] [sharedprocess] [info] Scanned user extensions: 0
[2019-06-17 14:02:04.206] [sharedprocess] [info] Scanned system extensions: 72
[2019-06-17 14:02:04.214] [sharedprocess] [info] Scanned user extensions: 0
[2019-06-17 14:02:04.215] [sharedprocess] [info] Scanned user extensions: 0
[2019-06-17 14:02:04.254] [sharedprocess] [info] Scanned system extensions: 72
[2019-06-17 14:02:04.256] [sharedprocess] [info] Scanned system extensions: 72
[2019-06-17 14:02:30.498] [sharedprocess] [info] Installing extension: hookyqr.beautify
[2019-06-17 14:02:30.501] [sharedprocess] [info] Scanned user extensions: 0
[2019-06-17 14:02:30.650] [sharedprocess] [info] Downloaded extension: hookyqr.beautify /tmp/745d7e09-616f-4624-9b18-280472e51679
[2019-06-17 14:02:30.898] [sharedprocess] [info] Extracted extension to /home/aelius/.vscode/extensions/.hookyqr.beautify-1.5.0: hookyqr.beautify
[2019-06-17 14:02:30.898] [sharedprocess] [info] Renamed to /home/aelius/.vscode/extensions/hookyqr.beautify-1.5.0
[2019-06-17 14:02:30.900] [sharedprocess] [info] Installation completed. hookyqr.beautify
[2019-06-17 14:02:30.912] [sharedprocess] [info] Extensions installed successfully: hookyqr.beautify
[2019-06-17 14:02:58.826] [sharedprocess] [info] Installing extension: dbaeumer.vscode-eslint
[2019-06-17 14:02:58.829] [sharedprocess] [info] Scanned user extensions: 1
[2019-06-17 14:02:58.950] [sharedprocess] [info] Downloaded extension: dbaeumer.vscode-eslint /tmp/9be63291-378e-40b3-8227-65ff7e7df403
[2019-06-17 14:02:58.963] [sharedprocess] [info] Extracted extension to /home/aelius/.vscode/extensions/.dbaeumer.vscode-eslint-1.9.0: dbaeumer.vscode-eslint
[2019-06-17 14:02:58.963] [sharedprocess] [info] Renamed to /home/aelius/.vscode/extensions/dbaeumer.vscode-eslint-1.9.0
[2019-06-17 14:02:58.964] [sharedprocess] [info] Installation completed. dbaeumer.vscode-eslint
[2019-06-17 14:02:58.968] [sharedprocess] [info] Extensions installed successfully: dbaeumer.vscode-eslint
[2019-06-17 14:04:26.951] [sharedprocess] [info] Installing extension: mgmcdermott.vscode-language-babel
[2019-06-17 14:04:26.953] [sharedprocess] [info] Scanned user extensions: 2
[2019-06-17 14:04:29.590] [sharedprocess] [info] Downloaded extension: mgmcdermott.vscode-language-babel /tmp/f9eb36e0-b7c9-4c6d-8501-c8585043ba06
[2019-06-17 14:04:30.769] [sharedprocess] [info] Extracted extension to /home/aelius/.vscode/extensions/.mgmcdermott.vscode-language-babel-0.0.22: mgmcdermott.vscode-language-babel
[2019-06-17 14:04:30.769] [sharedprocess] [info] Renamed to /home/aelius/.vscode/extensions/mgmcdermott.vscode-language-babel-0.0.22
[2019-06-17 14:04:30.770] [sharedprocess] [info] Installation completed. mgmcdermott.vscode-language-babel
[2019-06-17 14:04:30.783] [sharedprocess] [info] Extensions installed successfully: mgmcdermott.vscode-language-babel
[2019-06-17 14:04:53.362] [sharedprocess] [info] Installing extension: eamodio.gitlens
[2019-06-17 14:04:53.365] [sharedprocess] [info] Scanned user extensions: 3
[2019-06-17 14:04:53.509] [sharedprocess] [info] Downloaded extension: eamodio.gitlens /tmp/95118bd8-3586-4bfc-8fe9-92bf0af1dc27
[2019-06-17 14:04:53.719] [sharedprocess] [info] Extracted extension to /home/aelius/.vscode/extensions/.eamodio.gitlens-9.8.2: eamodio.gitlens
[2019-06-17 14:04:53.719] [sharedprocess] [info] Renamed to /home/aelius/.vscode/extensions/eamodio.gitlens-9.8.2
[2019-06-17 14:04:53.731] [sharedprocess] [info] Installation completed. eamodio.gitlens
[2019-06-17 14:04:53.744] [sharedprocess] [info] Extensions installed successfully: eamodio.gitlens
[2019-06-17 14:06:25.968] [sharedprocess] [info] Installing extension: esbenp.prettier-vscode
[2019-06-17 14:06:25.976] [sharedprocess] [info] Scanned user extensions: 4
[2019-06-17 14:06:26.895] [sharedprocess] [info] Downloaded extension: esbenp.prettier-vscode /tmp/3396bbdd-8f5d-4bc6-9739-343645aef225
[2019-06-17 14:06:31.309] [sharedprocess] [info] Extracted extension to /home/aelius/.vscode/extensions/.esbenp.prettier-vscode-1.9.0: esbenp.prettier-vscode
[2019-06-17 14:06:31.309] [sharedprocess] [info] Renamed to /home/aelius/.vscode/extensions/esbenp.prettier-vscode-1.9.0
[2019-06-17 14:06:31.310] [sharedprocess] [info] Installation completed. esbenp.prettier-vscode
[2019-06-17 14:06:31.323] [sharedprocess] [info] Extensions installed successfully: esbenp.prettier-vscode
[2019-06-17 14:07:03.431] [sharedprocess] [info] Scanned user extensions: 5
[2019-06-17 14:07:50.271] [sharedprocess] [info] Installing extension: formulahendry.auto-close-tag
[2019-06-17 14:07:50.282] [sharedprocess] [info] Scanned user extensions: 5
[2019-06-17 14:07:50.413] [sharedprocess] [info] Downloaded extension: formulahendry.auto-close-tag /tmp/b78ea4e7-3a85-4e5b-bf61-8d923d41a36c
[2019-06-17 14:07:50.428] [sharedprocess] [info] Extracted extension to /home/aelius/.vscode/extensions/.formulahendry.auto-close-tag-0.5.6: formulahendry.auto-close-tag
[2019-06-17 14:07:50.428] [sharedprocess] [info] Renamed to /home/aelius/.vscode/extensions/formulahendry.auto-close-tag-0.5.6
[2019-06-17 14:07:50.429] [sharedprocess] [info] Installation completed. formulahendry.auto-close-tag
[2019-06-17 14:07:50.439] [sharedprocess] [info] Extensions installed successfully: formulahendry.auto-close-tag
[2019-06-17 14:07:51.621] [sharedprocess] [info] Installing extension: formulahendry.auto-rename-tag
[2019-06-17 14:07:51.632] [sharedprocess] [info] Scanned user extensions: 6
[2019-06-17 14:07:51.724] [sharedprocess] [info] Downloaded extension: formulahendry.auto-rename-tag /tmp/fc0867f7-0583-469b-81c0-b5f7c3deb754
[2019-06-17 14:07:51.755] [sharedprocess] [info] Extracted extension to /home/aelius/.vscode/extensions/.formulahendry.auto-rename-tag-0.1.0: formulahendry.auto-rename-tag
[2019-06-17 14:07:51.756] [sharedprocess] [info] Renamed to /home/aelius/.vscode/extensions/formulahendry.auto-rename-tag-0.1.0
[2019-06-17 14:07:51.757] [sharedprocess] [info] Installation completed. formulahendry.auto-rename-tag
[2019-06-17 14:07:51.769] [sharedprocess] [info] Extensions installed successfully: formulahendry.auto-rename-tag
[2019-06-17 14:08:07.849] [sharedprocess] [info] Installing extension: kamikillerto.vscode-colorize
[2019-06-17 14:08:07.858] [sharedprocess] [info] Scanned user extensions: 7
[2019-06-17 14:08:08.222] [sharedprocess] [info] Downloaded extension: kamikillerto.vscode-colorize /tmp/104203bb-bf77-41ab-b1d8-27ef8a08d501
[2019-06-17 14:08:08.348] [sharedprocess] [info] Extracted extension to /home/aelius/.vscode/extensions/.kamikillerto.vscode-colorize-0.8.10: kamikillerto.vscode-colorize
[2019-06-17 14:08:08.348] [sharedprocess] [info] Renamed to /home/aelius/.vscode/extensions/kamikillerto.vscode-colorize-0.8.10
[2019-06-17 14:08:08.349] [sharedprocess] [info] Installation completed. kamikillerto.vscode-colorize
[2019-06-17 14:08:08.361] [sharedprocess] [info] Extensions installed successfully: kamikillerto.vscode-colorize
[2019-06-17 14:10:25.466] [sharedprocess] [info] Scanned user extensions: 8
[2019-06-17 14:12:03.454] [sharedprocess] [info] Scanned user extensions: 8
[2019-06-17 14:12:06.953] [sharedprocess] [info] Installing extension: benbusby.earthbound-themes
[2019-06-17 14:12:06.964] [sharedprocess] [info] Scanned user extensions: 8
[2019-06-17 14:12:07.082] [sharedprocess] [info] Downloaded extension: benbusby.earthbound-themes /tmp/951f897a-44f2-4b3a-8768-0e4168961387
[2019-06-17 14:12:07.093] [sharedprocess] [info] Extracted extension to /home/aelius/.vscode/extensions/.benbusby.earthbound-themes-1.0.0: benbusby.earthbound-themes
[2019-06-17 14:12:07.093] [sharedprocess] [info] Renamed to /home/aelius/.vscode/extensions/benbusby.earthbound-themes-1.0.0
[2019-06-17 14:12:07.094] [sharedprocess] [info] Installation completed. benbusby.earthbound-themes
[2019-06-17 14:12:07.097] [sharedprocess] [info] Extensions installed successfully: benbusby.earthbound-themes
[2019-06-17 14:17:03.483] [sharedprocess] [info] Scanned user extensions: 9
[2019-06-17 14:22:03.512] [sharedprocess] [info] Scanned user extensions: 9
[2019-06-17 14:27:03.543] [sharedprocess] [info] Scanned user extensions: 9
[2019-06-17 14:32:03.573] [sharedprocess] [info] Scanned user extensions: 9
[2019-06-17 14:37:03.593] [sharedprocess] [info] Scanned user extensions: 9
[2019-06-17 14:37:11.463] [sharedprocess] [info] Scanned user extensions: 9
[2019-06-17 14:37:11.472] [sharedprocess] [info] Scanned system extensions: 72
[2019-06-17 14:37:11.515] [sharedprocess] [info] Scanned user extensions: 9
[2019-06-17 14:37:11.522] [sharedprocess] [info] Scanned system extensions: 72
[2019-06-17 14:37:18.706] [sharedprocess] [info] Installing extension: liviuschera.noctis
[2019-06-17 14:37:18.715] [sharedprocess] [info] Scanned user extensions: 9
[2019-06-17 14:37:19.053] [sharedprocess] [info] Downloaded extension: liviuschera.noctis /tmp/3166b0a3-9f80-469c-a32f-12a995d65175
[2019-06-17 14:37:19.103] [sharedprocess] [info] Extracted extension to /home/aelius/.vscode/extensions/.liviuschera.noctis-9.2.0: liviuschera.noctis
[2019-06-17 14:37:19.103] [sharedprocess] [info] Renamed to /home/aelius/.vscode/extensions/liviuschera.noctis-9.2.0
[2019-06-17 14:37:19.104] [sharedprocess] [info] Installation completed. liviuschera.noctis
[2019-06-17 14:37:19.115] [sharedprocess] [info] Extensions installed successfully: liviuschera.noctis
[2019-06-17 14:38:36.563] [sharedprocess] [info] Installing extension: zhuangtongfa.material-theme
[2019-06-17 14:38:36.575] [sharedprocess] [info] Scanned user extensions: 10
[2019-06-17 14:38:36.705] [sharedprocess] [info] Downloaded extension: zhuangtongfa.material-theme /tmp/74febc4d-7631-47d1-a423-30c5e943e8c5
[2019-06-17 14:38:36.719] [sharedprocess] [info] Extracted extension to /home/aelius/.vscode/extensions/.zhuangtongfa.material-theme-2.24.1: zhuangtongfa.material-theme
[2019-06-17 14:38:36.719] [sharedprocess] [info] Renamed to /home/aelius/.vscode/extensions/zhuangtongfa.material-theme-2.24.1
[2019-06-17 14:38:36.720] [sharedprocess] [info] Installation completed. zhuangtongfa.material-theme
[2019-06-17 14:38:36.724] [sharedprocess] [info] Extensions installed successfully: zhuangtongfa.material-theme
[2019-06-17 14:42:03.625] [sharedprocess] [info] Scanned user extensions: 11
[2019-06-17 14:47:03.651] [sharedprocess] [info] Scanned user extensions: 11
[2019-06-17 14:52:03.773] [sharedprocess] [info] Scanned user extensions: 11
[2019-06-17 14:57:03.803] [sharedprocess] [info] Scanned user extensions: 11
[2019-06-17 15:02:03.823] [sharedprocess] [info] Scanned user extensions: 11
[2019-06-17 15:07:03.848] [sharedprocess] [info] Scanned user extensions: 11
[2019-06-17 15:12:03.869] [sharedprocess] [info] Scanned user extensions: 11
[2019-06-17 15:17:03.905] [sharedprocess] [info] Scanned user extensions: 11
[2019-06-17 15:22:03.935] [sharedprocess] [info] Scanned user extensions: 11
[2019-06-17 15:27:03.956] [sharedprocess] [info] Scanned user extensions: 11
[2019-06-17 15:52:06.815] [sharedprocess] [info] Scanned user extensions: 11
[2019-06-17 15:57:06.838] [sharedprocess] [info] Scanned user extensions: 11
[2019-06-17 16:02:06.864] [sharedprocess] [info] Scanned user extensions: 11
[2019-06-17 16:07:06.901] [sharedprocess] [info] Scanned user extensions: 11
[2019-06-17 16:09:14.906] [sharedprocess] [info] main {"machineId":"4b7a4231f2be293b6515fde36d4a6ae90b91b0f0024ef625ce5471b021dc09fd"}
[2019-06-17 16:09:14.972] [sharedprocess] [info] Scanned user extensions: 11
[2019-06-17 16:09:14.992] [sharedprocess] [info] Scanned user extensions: 11
[2019-06-17 16:09:14.997] [sharedprocess] [info] Scanned user extensions: 11
[2019-06-17 16:09:15.010] [sharedprocess] [info] Scanned system extensions: 72
[2019-06-17 16:09:15.012] [sharedprocess] [info] Scanned system extensions: 72
[2019-06-17 16:09:15.060] [sharedprocess] [info] Scanned user extensions: 11
[2019-06-17 16:09:15.076] [sharedprocess] [info] Scanned system extensions: 72
[2019-06-17 16:09:15.083] [sharedprocess] [info] Scanned user extensions: 11
[2019-06-17 16:09:54.869] [sharedprocess] [info] Starting to clean up unused language packs.
[2019-06-17 16:10:11.659] [sharedprocess] [info] Scanned user extensions: 11
[2019-06-17 16:10:11.663] [sharedprocess] [info] Scanned user extensions: 11
[2019-06-17 16:10:11.680] [sharedprocess] [info] Scanned system extensions: 72
[2019-06-17 16:10:11.684] [sharedprocess] [info] Scanned system extensions: 72
[2019-06-17 16:10:11.755] [sharedprocess] [info] Scanned user extensions: 11
[2019-06-17 16:10:11.765] [sharedprocess] [info] Scanned system extensions: 72
[2019-06-17 16:10:14.204] [sharedprocess] [info] Scanned user extensions: 11
[2019-06-17 16:15:14.235] [sharedprocess] [info] Scanned user extensions: 11
[2019-06-17 16:20:14.259] [sharedprocess] [info] Scanned user extensions: 11
[2019-06-17 16:25:14.285] [sharedprocess] [info] Scanned user extensions: 11
[2019-06-17 16:30:14.310] [sharedprocess] [info] Scanned user extensions: 11
[2019-06-17 16:35:14.342] [sharedprocess] [info] Scanned user extensions: 11
[2019-06-17 16:40:14.373] [sharedprocess] [info] Scanned user extensions: 11
[2019-06-17 16:45:14.394] [sharedprocess] [info] Scanned user extensions: 11
[2019-06-17 16:50:14.427] [sharedprocess] [info] Scanned user extensions: 11
[2019-06-17 16:55:14.546] [sharedprocess] [info] Scanned user extensions: 11
[2019-06-17 17:00:14.574] [sharedprocess] [info] Scanned user extensions: 11
